2024-02-06 11:52:41,672 [INFO] com.userservice.UserServiceApplication [main] Starting UserServiceApplication using Java 21.0.1 with PID 16808 (/home/martin/Documents/Folder-2/parent-service-v2/user-service/target/classes started by martin in /home/martin/Documents/Folder-2/parent-service-v2)
2024-02-06 11:52:41,734 [INFO] com.userservice.UserServiceApplication [main] No active profile set, falling back to 1 default profile: "default"
2024-02-06 11:52:43,790 [INFO] org.springframework.data.repository.config.RepositoryConfigurationDelegate [main] Bootstrapping Spring Data JPA repositories in DEFAULT mode.
2024-02-06 11:52:44,092 [INFO] org.springframework.data.repository.config.RepositoryConfigurationDelegate [main] Finished Spring Data repository scanning in 283 ms. Found 1 JPA repository interface.
2024-02-06 11:52:44,738 [INFO] org.springframework.cloud.context.scope.GenericScope [main] BeanFactory id=26862244-cdc9-378a-9eff-cb4d1a80f21d
2024-02-06 11:52:45,022 [WARN] org.springframework.context.support.PostProcessorRegistrationDelegate$BeanPostProcessorChecker [main] Bean 'org.springframework.cloud.client.loadbalancer.LoadBalancerAutoConfiguration$LoadBalancerInterceptorConfig' of type [org.springframework.cloud.client.loadbalancer.LoadBalancerAutoConfiguration$LoadBalancerInterceptorConfig] is not eligible for getting processed by all BeanPostProcessors (for example: not eligible for auto-proxying). The currently created BeanPostProcessor [lbRestClientPostProcessor] is declared through a non-static factory method on that class; consider declaring it as static instead.
2024-02-06 11:52:45,030 [WARN] org.springframework.context.support.PostProcessorRegistrationDelegate$BeanPostProcessorChecker [main] Bean 'org.springframework.cloud.loadbalancer.config.BlockingLoadBalancerClientAutoConfiguration' of type [org.springframework.cloud.loadbalancer.config.BlockingLoadBalancerClientAutoConfiguration] is not eligible for getting processed by all BeanPostProcessors (for example: not eligible for auto-proxying). Is this bean getting eagerly injected into a currently created BeanPostProcessor [lbRestClientPostProcessor]? Check the corresponding BeanPostProcessor declaration and its dependencies.
2024-02-06 11:52:45,034 [WARN] org.springframework.context.support.PostProcessorRegistrationDelegate$BeanPostProcessorChecker [main] Bean 'org.springframework.cloud.loadbalancer.config.LoadBalancerAutoConfiguration' of type [org.springframework.cloud.loadbalancer.config.LoadBalancerAutoConfiguration] is not eligible for getting processed by all BeanPostProcessors (for example: not eligible for auto-proxying). Is this bean getting eagerly injected into a currently created BeanPostProcessor [lbRestClientPostProcessor]? Check the corresponding BeanPostProcessor declaration and its dependencies.
2024-02-06 11:52:45,048 [WARN] org.springframework.context.support.PostProcessorRegistrationDelegate$BeanPostProcessorChecker [main] Bean 'org.springframework.cloud.commons.config.CommonsConfigAutoConfiguration' of type [org.springframework.cloud.commons.config.CommonsConfigAutoConfiguration] is not eligible for getting processed by all BeanPostProcessors (for example: not eligible for auto-proxying). Is this bean getting eagerly injected into a currently created BeanPostProcessor [lbRestClientPostProcessor]? Check the corresponding BeanPostProcessor declaration and its dependencies.
2024-02-06 11:52:45,056 [WARN] org.springframework.context.support.PostProcessorRegistrationDelegate$BeanPostProcessorChecker [main] Bean 'org.springframework.cloud.client.loadbalancer.LoadBalancerDefaultMappingsProviderAutoConfiguration' of type [org.springframework.cloud.client.loadbalancer.LoadBalancerDefaultMappingsProviderAutoConfiguration] is not eligible for getting processed by all BeanPostProcessors (for example: not eligible for auto-proxying). Is this bean getting eagerly injected into a currently created BeanPostProcessor [lbRestClientPostProcessor]? Check the corresponding BeanPostProcessor declaration and its dependencies.
2024-02-06 11:52:45,062 [WARN] org.springframework.context.support.PostProcessorRegistrationDelegate$BeanPostProcessorChecker [main] Bean 'loadBalancerClientsDefaultsMappingsProvider' of type [org.springframework.cloud.client.loadbalancer.LoadBalancerDefaultMappingsProviderAutoConfiguration$$Lambda/0x00007fad583dae20] is not eligible for getting processed by all BeanPostProcessors (for example: not eligible for auto-proxying). Is this bean getting eagerly injected into a currently created BeanPostProcessor [lbRestClientPostProcessor]? Check the corresponding BeanPostProcessor declaration and its dependencies.
2024-02-06 11:52:45,069 [WARN] org.springframework.context.support.PostProcessorRegistrationDelegate$BeanPostProcessorChecker [main] Bean 'defaultsBindHandlerAdvisor' of type [org.springframework.cloud.commons.config.DefaultsBindHandlerAdvisor] is not eligible for getting processed by all BeanPostProcessors (for example: not eligible for auto-proxying). Is this bean getting eagerly injected into a currently created BeanPostProcessor [lbRestClientPostProcessor]? Check the corresponding BeanPostProcessor declaration and its dependencies.
2024-02-06 11:52:45,135 [WARN] org.springframework.context.support.PostProcessorRegistrationDelegate$BeanPostProcessorChecker [main] Bean 'spring.cloud.loadbalancer-org.springframework.cloud.client.loadbalancer.LoadBalancerClientsProperties' of type [org.springframework.cloud.client.loadbalancer.LoadBalancerClientsProperties] is not eligible for getting processed by all BeanPostProcessors (for example: not eligible for auto-proxying). Is this bean getting eagerly injected into a currently created BeanPostProcessor [lbRestClientPostProcessor]? Check the corresponding BeanPostProcessor declaration and its dependencies.
2024-02-06 11:52:45,182 [WARN] org.springframework.context.support.PostProcessorRegistrationDelegate$BeanPostProcessorChecker [main] Bean 'default.org.springframework.cloud.loadbalancer.config.LoadBalancerAutoConfiguration.LoadBalancerClientSpecification' of type [org.springframework.cloud.loadbalancer.annotation.LoadBalancerClientSpecification] is not eligible for getting processed by all BeanPostProcessors (for example: not eligible for auto-proxying). Is this bean getting eagerly injected into a currently created BeanPostProcessor [lbRestClientPostProcessor]? Check the corresponding BeanPostProcessor declaration and its dependencies.
2024-02-06 11:52:45,188 [WARN] org.springframework.context.support.PostProcessorRegistrationDelegate$BeanPostProcessorChecker [main] Bean 'default.org.springframework.cloud.loadbalancer.config.BlockingLoadBalancerClientAutoConfiguration.LoadBalancerClientSpecification' of type [org.springframework.cloud.loadbalancer.annotation.LoadBalancerClientSpecification] is not eligible for getting processed by all BeanPostProcessors (for example: not eligible for auto-proxying). Is this bean getting eagerly injected into a currently created BeanPostProcessor [lbRestClientPostProcessor]? Check the corresponding BeanPostProcessor declaration and its dependencies.
2024-02-06 11:52:45,191 [WARN] org.springframework.context.support.PostProcessorRegistrationDelegate$BeanPostProcessorChecker [main] Bean 'default.org.springframework.cloud.netflix.eureka.loadbalancer.LoadBalancerEurekaAutoConfiguration.LoadBalancerClientSpecification' of type [org.springframework.cloud.loadbalancer.annotation.LoadBalancerClientSpecification] is not eligible for getting processed by all BeanPostProcessors (for example: not eligible for auto-proxying). Is this bean getting eagerly injected into a currently created BeanPostProcessor [lbRestClientPostProcessor]? Check the corresponding BeanPostProcessor declaration and its dependencies.
2024-02-06 11:52:45,196 [WARN] org.springframework.context.support.PostProcessorRegistrationDelegate$BeanPostProcessorChecker [main] Bean 'loadBalancerClientFactory' of type [org.springframework.cloud.loadbalancer.support.LoadBalancerClientFactory] is not eligible for getting processed by all BeanPostProcessors (for example: not eligible for auto-proxying). Is this bean getting eagerly injected into a currently created BeanPostProcessor [lbRestClientPostProcessor]? Check the corresponding BeanPostProcessor declaration and its dependencies.
2024-02-06 11:52:45,217 [WARN] org.springframework.context.support.PostProcessorRegistrationDelegate$BeanPostProcessorChecker [main] Bean 'blockingLoadBalancerClient' of type [org.springframework.cloud.loadbalancer.blocking.client.BlockingLoadBalancerClient] is not eligible for getting processed by all BeanPostProcessors (for example: not eligible for auto-proxying). Is this bean getting eagerly injected into a currently created BeanPostProcessor [lbRestClientPostProcessor]? Check the corresponding BeanPostProcessor declaration and its dependencies.
2024-02-06 11:52:45,257 [WARN] org.springframework.context.support.PostProcessorRegistrationDelegate$BeanPostProcessorChecker [main] Bean 'loadBalancerServiceInstanceCookieTransformer' of type [org.springframework.cloud.loadbalancer.core.LoadBalancerServiceInstanceCookieTransformer] is not eligible for getting processed by all BeanPostProcessors (for example: not eligible for auto-proxying). Is this bean getting eagerly injected into a currently created BeanPostProcessor [lbRestClientPostProcessor]? Check the corresponding BeanPostProcessor declaration and its dependencies.
2024-02-06 11:52:45,271 [WARN] org.springframework.context.support.PostProcessorRegistrationDelegate$BeanPostProcessorChecker [main] Bean 'xForwarderHeadersTransformer' of type [org.springframework.cloud.loadbalancer.blocking.XForwardedHeadersTransformer] is not eligible for getting processed by all BeanPostProcessors (for example: not eligible for auto-proxying). Is this bean getting eagerly injected into a currently created BeanPostProcessor [lbRestClientPostProcessor]? Check the corresponding BeanPostProcessor declaration and its dependencies.
2024-02-06 11:52:45,278 [WARN] org.springframework.context.support.PostProcessorRegistrationDelegate$BeanPostProcessorChecker [main] Bean 'org.springframework.cloud.client.loadbalancer.LoadBalancerAutoConfiguration' of type [org.springframework.cloud.client.loadbalancer.LoadBalancerAutoConfiguration] is not eligible for getting processed by all BeanPostProcessors (for example: not eligible for auto-proxying). Is this bean getting eagerly injected into a currently created BeanPostProcessor [lbRestClientPostProcessor]? Check the corresponding BeanPostProcessor declaration and its dependencies.
2024-02-06 11:52:45,291 [WARN] org.springframework.context.support.PostProcessorRegistrationDelegate$BeanPostProcessorChecker [main] Bean 'loadBalancerRequestFactory' of type [org.springframework.cloud.client.loadbalancer.LoadBalancerRequestFactory] is not eligible for getting processed by all BeanPostProcessors (for example: not eligible for auto-proxying). Is this bean getting eagerly injected into a currently created BeanPostProcessor [lbRestClientPostProcessor]? Check the corresponding BeanPostProcessor declaration and its dependencies.
2024-02-06 11:52:45,300 [WARN] org.springframework.context.support.PostProcessorRegistrationDelegate$BeanPostProcessorChecker [main] Bean 'loadBalancerInterceptor' of type [org.springframework.cloud.client.loadbalancer.LoadBalancerInterceptor] is not eligible for getting processed by all BeanPostProcessors (for example: not eligible for auto-proxying). Is this bean getting eagerly injected into a currently created BeanPostProcessor [lbRestClientPostProcessor]? Check the corresponding BeanPostProcessor declaration and its dependencies.
2024-02-06 11:52:45,304 [WARN] org.springframework.context.support.PostProcessorRegistrationDelegate$BeanPostProcessorChecker [main] Bean 'org.springframework.cloud.client.loadbalancer.reactive.LoadBalancerBeanPostProcessorAutoConfiguration' of type [org.springframework.cloud.client.loadbalancer.reactive.LoadBalancerBeanPostProcessorAutoConfiguration] is not eligible for getting processed by all BeanPostProcessors (for example: not eligible for auto-proxying). The currently created BeanPostProcessor [loadBalancerWebClientBuilderBeanPostProcessor] is declared through a non-static factory method on that class; consider declaring it as static instead.
2024-02-06 11:52:45,310 [WARN] org.springframework.context.support.PostProcessorRegistrationDelegate$BeanPostProcessorChecker [main] Bean 'org.springframework.cloud.client.loadbalancer.reactive.LoadBalancerBeanPostProcessorAutoConfiguration$ReactorDeferringLoadBalancerFilterConfig' of type [org.springframework.cloud.client.loadbalancer.reactive.LoadBalancerBeanPostProcessorAutoConfiguration$ReactorDeferringLoadBalancerFilterConfig] is not eligible for getting processed by all BeanPostProcessors (for example: not eligible for auto-proxying). Is this bean getting eagerly injected into a currently created BeanPostProcessor [loadBalancerWebClientBuilderBeanPostProcessor]? Check the corresponding BeanPostProcessor declaration and its dependencies.
2024-02-06 11:52:45,315 [WARN] org.springframework.context.support.PostProcessorRegistrationDelegate$BeanPostProcessorChecker [main] Bean 'reactorDeferringLoadBalancerExchangeFilterFunction' of type [org.springframework.cloud.client.loadbalancer.reactive.DeferringLoadBalancerExchangeFilterFunction] is not eligible for getting processed by all BeanPostProcessors (for example: not eligible for auto-proxying). Is this bean getting eagerly injected into a currently created BeanPostProcessor [loadBalancerWebClientBuilderBeanPostProcessor]? Check the corresponding BeanPostProcessor declaration and its dependencies.
2024-02-06 11:52:46,132 [INFO] org.springframework.boot.web.embedded.tomcat.TomcatWebServer [main] Tomcat initialized with port 8101 (http)
2024-02-06 11:52:46,170 [INFO] org.apache.catalina.core.StandardService [main] Starting service [Tomcat]
2024-02-06 11:52:46,171 [INFO] org.apache.catalina.core.StandardEngine [main] Starting Servlet engine: [Apache Tomcat/10.1.18]
2024-02-06 11:52:46,359 [INFO] org.apache.catalina.core.ContainerBase.[Tomcat].[localhost].[/] [main] Initializing Spring embedded WebApplicationContext
2024-02-06 11:52:46,360 [INFO] org.springframework.boot.web.servlet.context.ServletWebServerApplicationContext [main] Root WebApplicationContext: initialization completed in 4418 ms
2024-02-06 11:52:46,414 [DEBUG] org.springframework.boot.web.servlet.ServletContextInitializerBeans [main] Mapping filters: characterEncodingFilter urls=[/*] order=-2147483648, formContentFilter urls=[/*] order=-9900, requestContextFilter urls=[/*] order=-105
2024-02-06 11:52:46,418 [DEBUG] org.springframework.boot.web.servlet.ServletContextInitializerBeans [main] Mapping servlets: dispatcherServlet urls=[/]
2024-02-06 11:52:46,854 [INFO] org.hibernate.jpa.internal.util.LogHelper [main] HHH000204: Processing PersistenceUnitInfo [name: default]
2024-02-06 11:52:46,928 [INFO] org.hibernate.Version [main] HHH000412: Hibernate ORM core version 6.4.1.Final
2024-02-06 11:52:46,983 [INFO] org.hibernate.cache.internal.RegionFactoryInitiator [main] HHH000026: Second-level cache disabled
2024-02-06 11:52:47,404 [INFO] org.springframework.orm.jpa.persistenceunit.SpringPersistenceUnitInfo [main] No LoadTimeWeaver setup: ignoring JPA class transformer
2024-02-06 11:52:47,446 [INFO] com.zaxxer.hikari.HikariDataSource [main] HikariPool-1 - Starting...
2024-02-06 11:52:47,995 [INFO] com.zaxxer.hikari.pool.HikariPool [main] HikariPool-1 - Added connection com.mysql.cj.jdbc.ConnectionImpl@6fa2a006
2024-02-06 11:52:47,997 [INFO] com.zaxxer.hikari.HikariDataSource [main] HikariPool-1 - Start completed.
2024-02-06 11:52:48,060 [WARN] org.hibernate.orm.deprecation [main] HHH90000025: MySQLDialect does not need to be specified explicitly using 'hibernate.dialect' (remove the property setting and it will be selected by default)
2024-02-06 11:52:49,053 [INFO] org.hibernate.engine.transaction.jta.platform.internal.JtaPlatformInitiator [main] HHH000489: No JTA platform available (set 'hibernate.transaction.jta.platform' to enable JTA platform integration)
2024-02-06 11:52:49,128 [INFO] org.springframework.orm.jpa.LocalContainerEntityManagerFactoryBean [main] Initialized JPA EntityManagerFactory for persistence unit 'default'
2024-02-06 11:52:49,767 [WARN] org.springframework.boot.autoconfigure.orm.jpa.JpaBaseConfiguration$JpaWebConfiguration [main] spring.jpa.open-in-view is enabled by default. Therefore, database queries may be performed during view rendering. Explicitly configure spring.jpa.open-in-view to disable this warning
2024-02-06 11:52:49,931 [DEBUG] org.springframework.web.servlet.mvc.method.annotation.RequestMappingHandlerMapping [main] 9 mappings in 'requestMappingHandlerMapping'
2024-02-06 11:52:50,018 [DEBUG] org.springframework.web.servlet.handler.SimpleUrlHandlerMapping [main] Patterns [/webjars/**, /**] in 'resourceHandlerMapping'
2024-02-06 11:52:50,141 [DEBUG] org.springframework.web.servlet.mvc.method.annotation.RequestMappingHandlerAdapter [main] ControllerAdvice beans: 0 @ModelAttribute, 0 @InitBinder, 1 RequestBodyAdvice, 1 ResponseBodyAdvice
2024-02-06 11:52:50,225 [DEBUG] org.springframework.web.servlet.mvc.method.annotation.ExceptionHandlerExceptionResolver [main] ControllerAdvice beans: 0 @ExceptionHandler, 1 ResponseBodyAdvice
2024-02-06 11:52:50,633 [INFO] org.springframework.cloud.netflix.eureka.config.DiscoveryClientOptionalArgsConfiguration [main] Eureka HTTP Client uses RestTemplate.
2024-02-06 11:52:50,723 [WARN] org.springframework.cloud.loadbalancer.config.LoadBalancerCacheAutoConfiguration$LoadBalancerCaffeineWarnLogger [main] Spring Cloud LoadBalancer is currently working with the default cache. While this cache implementation is useful for development and tests, it's recommended to use Caffeine cache in production.You can switch to using Caffeine cache, by adding it and org.springframework.cache.caffeine.CaffeineCacheManager to the classpath.
2024-02-06 11:52:50,755 [INFO] org.springframework.cloud.netflix.eureka.InstanceInfoFactory [main] Setting initial instance status as: STARTING
2024-02-06 11:52:50,922 [INFO] com.netflix.discovery.DiscoveryClient [main] Initializing Eureka in region us-east-1
2024-02-06 11:52:50,928 [INFO] com.netflix.discovery.shared.resolver.aws.ConfigClusterResolver [main] Resolving eureka endpoints via configuration
2024-02-06 11:52:50,956 [INFO] com.netflix.discovery.DiscoveryClient [main] Disable delta property : false
2024-02-06 11:52:50,956 [INFO] com.netflix.discovery.DiscoveryClient [main] Single vip registry refresh property : null
2024-02-06 11:52:50,956 [INFO] com.netflix.discovery.DiscoveryClient [main] Force full registry fetch : false
2024-02-06 11:52:50,956 [INFO] com.netflix.discovery.DiscoveryClient [main] Application is null : false
2024-02-06 11:52:50,956 [INFO] com.netflix.discovery.DiscoveryClient [main] Registered Applications size is zero : true
2024-02-06 11:52:50,956 [INFO] com.netflix.discovery.DiscoveryClient [main] Application version is -1: true
2024-02-06 11:52:50,957 [INFO] com.netflix.discovery.DiscoveryClient [main] Getting all instance registry info from the eureka server
2024-02-06 11:52:51,154 [DEBUG] org.springframework.web.client.RestTemplate [main] HTTP GET http://localhost:8781/eureka/apps/
2024-02-06 11:52:51,306 [DEBUG] org.springframework.web.client.RestTemplate [main] Accept=[application/json, application/*+json]
2024-02-06 11:52:51,372 [DEBUG] org.springframework.web.client.RestTemplate [main] Response 200 OK
2024-02-06 11:52:51,374 [DEBUG] org.springframework.web.client.RestTemplate [main] Reading to [org.springframework.cloud.netflix.eureka.http.EurekaApplications]
2024-02-06 11:52:51,426 [INFO] com.netflix.discovery.DiscoveryClient [main] The response status is 200
2024-02-06 11:52:51,429 [INFO] com.netflix.discovery.DiscoveryClient [main] Starting heartbeat executor: renew interval is: 30
2024-02-06 11:52:51,432 [INFO] com.netflix.discovery.InstanceInfoReplicator [main] InstanceInfoReplicator onDemand update allowed rate per min is 4
2024-02-06 11:52:51,438 [INFO] com.netflix.discovery.DiscoveryClient [main] Discovery Client initialized at timestamp 1707209571437 with initial instances count: 2
2024-02-06 11:52:51,442 [INFO] org.springframework.cloud.netflix.eureka.serviceregistry.EurekaServiceRegistry [main] Registering application USERS-SERVICE with eureka with status UP
2024-02-06 11:52:51,443 [INFO] com.netflix.discovery.DiscoveryClient [main] Saw local status change event StatusChangeEvent [timestamp=1707209571443, current=UP, previous=STARTING]
2024-02-06 11:52:51,445 [INFO] com.netflix.discovery.DiscoveryClient [DiscoveryClient-InstanceInfoReplicator-0] DiscoveryClient_USERS-SERVICE/192.168.0.129:users-service:8101: registering service...
2024-02-06 11:52:51,450 [DEBUG] org.springframework.web.client.RestTemplate [DiscoveryClient-InstanceInfoReplicator-0] HTTP POST http://localhost:8781/eureka/apps/USERS-SERVICE
2024-02-06 11:52:51,452 [DEBUG] org.springframework.web.client.RestTemplate [DiscoveryClient-InstanceInfoReplicator-0] Accept=[application/json, application/*+json]
2024-02-06 11:52:51,468 [DEBUG] org.springframework.web.client.RestTemplate [DiscoveryClient-InstanceInfoReplicator-0] Writing [InstanceInfo [instanceId = 192.168.0.129:users-service:8101, appName = USERS-SERVICE, hostName = 192.168.0.129, status = UP, ipAddr = 192.168.0.129, port = 8101, securePort = 443, dataCenterInfo = com.netflix.appinfo.MyDataCenterInfo@77350382] as "application/json"
2024-02-06 11:52:51,478 [INFO] org.springframework.boot.web.embedded.tomcat.TomcatWebServer [main] Tomcat started on port 8101 (http) with context path ''
2024-02-06 11:52:51,479 [INFO] org.springframework.cloud.netflix.eureka.serviceregistry.EurekaAutoServiceRegistration [main] Updating port to 8101
2024-02-06 11:52:51,504 [INFO] com.userservice.UserServiceApplication [main] Started UserServiceApplication in 11.119 seconds (process running for 11.844)
2024-02-06 11:52:51,509 [DEBUG] org.springframework.web.client.RestTemplate [DiscoveryClient-InstanceInfoReplicator-0] Response 204 NO_CONTENT
2024-02-06 11:52:51,509 [INFO] com.netflix.discovery.DiscoveryClient [DiscoveryClient-InstanceInfoReplicator-0] DiscoveryClient_USERS-SERVICE/192.168.0.129:users-service:8101 - registration status: 204
2024-02-06 11:53:21,430 [DEBUG] org.springframework.web.client.RestTemplate [DiscoveryClient-CacheRefreshExecutor-0] HTTP GET http://localhost:8781/eureka/apps/delta
2024-02-06 11:53:21,430 [DEBUG] org.springframework.web.client.RestTemplate [DiscoveryClient-CacheRefreshExecutor-0] Accept=[application/json, application/*+json]
2024-02-06 11:53:21,432 [DEBUG] org.springframework.web.client.RestTemplate [DiscoveryClient-HeartbeatExecutor-0] HTTP PUT http://localhost:8781/eureka/apps/USERS-SERVICE/192.168.0.129:users-service:8101?status=UP&lastDirtyTimestamp=1707209571443
2024-02-06 11:53:21,437 [DEBUG] org.springframework.web.client.RestTemplate [DiscoveryClient-CacheRefreshExecutor-0] Response 200 OK
2024-02-06 11:53:21,438 [DEBUG] org.springframework.web.client.RestTemplate [DiscoveryClient-CacheRefreshExecutor-0] Reading to [org.springframework.cloud.netflix.eureka.http.EurekaApplications]
2024-02-06 11:53:21,463 [DEBUG] org.springframework.web.client.RestTemplate [DiscoveryClient-HeartbeatExecutor-0] Accept=[application/json, application/*+json]
2024-02-06 11:53:21,469 [DEBUG] org.springframework.web.client.RestTemplate [DiscoveryClient-HeartbeatExecutor-0] Response 200 OK
2024-02-06 11:53:51,444 [DEBUG] org.springframework.web.client.RestTemplate [DiscoveryClient-CacheRefreshExecutor-0] HTTP GET http://localhost:8781/eureka/apps/delta
2024-02-06 11:53:51,445 [DEBUG] org.springframework.web.client.RestTemplate [DiscoveryClient-CacheRefreshExecutor-0] Accept=[application/json, application/*+json]
2024-02-06 11:53:51,455 [DEBUG] org.springframework.web.client.RestTemplate [DiscoveryClient-CacheRefreshExecutor-0] Response 200 OK
2024-02-06 11:53:51,457 [DEBUG] org.springframework.web.client.RestTemplate [DiscoveryClient-CacheRefreshExecutor-0] Reading to [org.springframework.cloud.netflix.eureka.http.EurekaApplications]
2024-02-06 11:53:51,472 [DEBUG] org.springframework.web.client.RestTemplate [DiscoveryClient-HeartbeatExecutor-0] HTTP PUT http://localhost:8781/eureka/apps/USERS-SERVICE/192.168.0.129:users-service:8101?status=UP&lastDirtyTimestamp=1707209571443
2024-02-06 11:53:51,473 [DEBUG] org.springframework.web.client.RestTemplate [DiscoveryClient-HeartbeatExecutor-0] Accept=[application/json, application/*+json]
2024-02-06 11:53:51,484 [DEBUG] org.springframework.web.client.RestTemplate [DiscoveryClient-HeartbeatExecutor-0] Response 200 OK
2024-02-06 11:54:19,279 [INFO] org.apache.catalina.core.ContainerBase.[Tomcat].[localhost].[/] [http-nio-8101-exec-1] Initializing Spring DispatcherServlet 'dispatcherServlet'
2024-02-06 11:54:19,279 [INFO] org.springframework.web.servlet.DispatcherServlet [http-nio-8101-exec-1] Initializing Servlet 'dispatcherServlet'
2024-02-06 11:54:19,280 [DEBUG] org.springframework.web.servlet.DispatcherServlet [http-nio-8101-exec-1] Detected StandardServletMultipartResolver
2024-02-06 11:54:19,280 [DEBUG] org.springframework.web.servlet.DispatcherServlet [http-nio-8101-exec-1] Detected AcceptHeaderLocaleResolver
2024-02-06 11:54:19,280 [DEBUG] org.springframework.web.servlet.DispatcherServlet [http-nio-8101-exec-1] Detected FixedThemeResolver
2024-02-06 11:54:19,282 [DEBUG] org.springframework.web.servlet.DispatcherServlet [http-nio-8101-exec-1] Detected org.springframework.web.servlet.view.DefaultRequestToViewNameTranslator@6a7cbeed
2024-02-06 11:54:19,282 [DEBUG] org.springframework.web.servlet.DispatcherServlet [http-nio-8101-exec-1] Detected org.springframework.web.servlet.support.SessionFlashMapManager@4f3b11e6
2024-02-06 11:54:19,283 [DEBUG] org.springframework.web.servlet.DispatcherServlet [http-nio-8101-exec-1] enableLoggingRequestDetails='false': request parameters and headers will be masked to prevent unsafe logging of potentially sensitive data
2024-02-06 11:54:19,283 [INFO] org.springframework.web.servlet.DispatcherServlet [http-nio-8101-exec-1] Completed initialization in 3 ms
2024-02-06 11:54:19,289 [DEBUG] org.springframework.web.servlet.DispatcherServlet [http-nio-8101-exec-1] GET "/api/users/search_user_name/jonte_doe", parameters={}
2024-02-06 11:54:19,297 [DEBUG] org.springframework.web.servlet.mvc.method.annotation.RequestMappingHandlerMapping [http-nio-8101-exec-1] Mapped to com.userservice.controller.UserController#searchUserByUserName(String)
2024-02-06 11:54:19,450 [DEBUG] org.springframework.web.servlet.mvc.method.annotation.HttpEntityMethodProcessor [http-nio-8101-exec-1] Using 'application/json', given [*/*] and supported [application/json, application/*+json]
2024-02-06 11:54:19,453 [DEBUG] org.springframework.web.servlet.mvc.method.annotation.HttpEntityMethodProcessor [http-nio-8101-exec-1] Writing [UserEntity{idUser=4, firstName='Jonte', lastName='Doe', username='jonte_doe', password='$2a$10$mYgLO (truncated)...]
2024-02-06 11:54:19,462 [DEBUG] org.springframework.web.servlet.DispatcherServlet [http-nio-8101-exec-1] Completed 200 OK
2024-02-06 11:54:21,469 [DEBUG] org.springframework.web.client.RestTemplate [DiscoveryClient-CacheRefreshExecutor-0] HTTP GET http://localhost:8781/eureka/apps/delta
2024-02-06 11:54:21,471 [DEBUG] org.springframework.web.client.RestTemplate [DiscoveryClient-CacheRefreshExecutor-0] Accept=[application/json, application/*+json]
2024-02-06 11:54:21,481 [DEBUG] org.springframework.web.client.RestTemplate [DiscoveryClient-CacheRefreshExecutor-0] Response 200 OK
2024-02-06 11:54:21,482 [DEBUG] org.springframework.web.client.RestTemplate [DiscoveryClient-CacheRefreshExecutor-0] Reading to [org.springframework.cloud.netflix.eureka.http.EurekaApplications]
2024-02-06 11:54:21,487 [DEBUG] org.springframework.web.client.RestTemplate [DiscoveryClient-HeartbeatExecutor-0] HTTP PUT http://localhost:8781/eureka/apps/USERS-SERVICE/192.168.0.129:users-service:8101?status=UP&lastDirtyTimestamp=1707209571443
2024-02-06 11:54:21,488 [DEBUG] org.springframework.web.client.RestTemplate [DiscoveryClient-HeartbeatExecutor-0] Accept=[application/json, application/*+json]
2024-02-06 11:54:21,500 [DEBUG] org.springframework.web.client.RestTemplate [DiscoveryClient-HeartbeatExecutor-0] Response 200 OK
2024-02-06 11:54:51,494 [DEBUG] org.springframework.web.client.RestTemplate [DiscoveryClient-CacheRefreshExecutor-0] HTTP GET http://localhost:8781/eureka/apps/delta
2024-02-06 11:54:51,495 [DEBUG] org.springframework.web.client.RestTemplate [DiscoveryClient-CacheRefreshExecutor-0] Accept=[application/json, application/*+json]
2024-02-06 11:54:51,502 [DEBUG] org.springframework.web.client.RestTemplate [DiscoveryClient-HeartbeatExecutor-0] HTTP PUT http://localhost:8781/eureka/apps/USERS-SERVICE/192.168.0.129:users-service:8101?status=UP&lastDirtyTimestamp=1707209571443
2024-02-06 11:54:51,502 [DEBUG] org.springframework.web.client.RestTemplate [DiscoveryClient-HeartbeatExecutor-0] Accept=[application/json, application/*+json]
2024-02-06 11:54:51,511 [DEBUG] org.springframework.web.client.RestTemplate [DiscoveryClient-HeartbeatExecutor-0] Response 200 OK
2024-02-06 11:54:51,515 [DEBUG] org.springframework.web.client.RestTemplate [DiscoveryClient-CacheRefreshExecutor-0] Response 200 OK
2024-02-06 11:54:51,516 [DEBUG] org.springframework.web.client.RestTemplate [DiscoveryClient-CacheRefreshExecutor-0] Reading to [org.springframework.cloud.netflix.eureka.http.EurekaApplications]
2024-02-06 11:55:21,512 [DEBUG] org.springframework.web.client.RestTemplate [DiscoveryClient-HeartbeatExecutor-0] HTTP PUT http://localhost:8781/eureka/apps/USERS-SERVICE/192.168.0.129:users-service:8101?status=UP&lastDirtyTimestamp=1707209571443
2024-02-06 11:55:21,513 [DEBUG] org.springframework.web.client.RestTemplate [DiscoveryClient-HeartbeatExecutor-0] Accept=[application/json, application/*+json]
2024-02-06 11:55:21,517 [DEBUG] org.springframework.web.client.RestTemplate [DiscoveryClient-HeartbeatExecutor-0] Response 200 OK
2024-02-06 11:55:21,518 [DEBUG] org.springframework.web.client.RestTemplate [DiscoveryClient-CacheRefreshExecutor-0] HTTP GET http://localhost:8781/eureka/apps/delta
2024-02-06 11:55:21,519 [DEBUG] org.springframework.web.client.RestTemplate [DiscoveryClient-CacheRefreshExecutor-0] Accept=[application/json, application/*+json]
2024-02-06 11:55:21,524 [DEBUG] org.springframework.web.client.RestTemplate [DiscoveryClient-CacheRefreshExecutor-0] Response 200 OK
2024-02-06 11:55:21,524 [DEBUG] org.springframework.web.client.RestTemplate [DiscoveryClient-CacheRefreshExecutor-0] Reading to [org.springframework.cloud.netflix.eureka.http.EurekaApplications]
2024-02-06 11:55:51,519 [DEBUG] org.springframework.web.client.RestTemplate [DiscoveryClient-HeartbeatExecutor-0] HTTP PUT http://localhost:8781/eureka/apps/USERS-SERVICE/192.168.0.129:users-service:8101?status=UP&lastDirtyTimestamp=1707209571443
2024-02-06 11:55:51,519 [DEBUG] org.springframework.web.client.RestTemplate [DiscoveryClient-HeartbeatExecutor-0] Accept=[application/json, application/*+json]
2024-02-06 11:55:51,527 [DEBUG] org.springframework.web.client.RestTemplate [DiscoveryClient-HeartbeatExecutor-0] Response 200 OK
2024-02-06 11:55:51,528 [DEBUG] org.springframework.web.client.RestTemplate [DiscoveryClient-CacheRefreshExecutor-0] HTTP GET http://localhost:8781/eureka/apps/delta
2024-02-06 11:55:51,529 [DEBUG] org.springframework.web.client.RestTemplate [DiscoveryClient-CacheRefreshExecutor-0] Accept=[application/json, application/*+json]
2024-02-06 11:55:51,537 [DEBUG] org.springframework.web.client.RestTemplate [DiscoveryClient-CacheRefreshExecutor-0] Response 200 OK
2024-02-06 11:55:51,538 [DEBUG] org.springframework.web.client.RestTemplate [DiscoveryClient-CacheRefreshExecutor-0] Reading to [org.springframework.cloud.netflix.eureka.http.EurekaApplications]
2024-02-06 11:56:21,530 [DEBUG] org.springframework.web.client.RestTemplate [DiscoveryClient-HeartbeatExecutor-0] HTTP PUT http://localhost:8781/eureka/apps/USERS-SERVICE/192.168.0.129:users-service:8101?status=UP&lastDirtyTimestamp=1707209571443
2024-02-06 11:56:21,531 [DEBUG] org.springframework.web.client.RestTemplate [DiscoveryClient-HeartbeatExecutor-0] Accept=[application/json, application/*+json]
2024-02-06 11:56:21,542 [DEBUG] org.springframework.web.client.RestTemplate [DiscoveryClient-HeartbeatExecutor-0] Response 200 OK
2024-02-06 11:56:21,544 [DEBUG] org.springframework.web.client.RestTemplate [DiscoveryClient-CacheRefreshExecutor-0] HTTP GET http://localhost:8781/eureka/apps/delta
2024-02-06 11:56:21,545 [DEBUG] org.springframework.web.client.RestTemplate [DiscoveryClient-CacheRefreshExecutor-0] Accept=[application/json, application/*+json]
2024-02-06 11:56:21,555 [DEBUG] org.springframework.web.client.RestTemplate [DiscoveryClient-CacheRefreshExecutor-0] Response 200 OK
2024-02-06 11:56:21,556 [DEBUG] org.springframework.web.client.RestTemplate [DiscoveryClient-CacheRefreshExecutor-0] Reading to [org.springframework.cloud.netflix.eureka.http.EurekaApplications]
2024-02-06 11:56:45,087 [DEBUG] org.springframework.web.servlet.DispatcherServlet [http-nio-8101-exec-3] POST "/api/users/create", parameters={}
2024-02-06 11:56:45,088 [DEBUG] org.springframework.web.servlet.mvc.method.annotation.RequestMappingHandlerMapping [http-nio-8101-exec-3] Mapped to com.userservice.controller.UserController#createUser(UserEntityRequest)
2024-02-06 11:56:45,098 [DEBUG] org.springframework.web.servlet.mvc.method.annotation.RequestResponseBodyMethodProcessor [http-nio-8101-exec-3] Read "application/json;charset=UTF-8" to [UserEntityRequest{firstName='User', lastName='Name', username='username', password='Password', birth (truncated)...]
2024-02-06 11:56:45,282 [DEBUG] org.springframework.web.servlet.mvc.method.annotation.HttpEntityMethodProcessor [http-nio-8101-exec-3] Using 'application/octet-stream', given [*/*] and supported [*/*]
2024-02-06 11:56:45,282 [DEBUG] org.springframework.web.servlet.DispatcherServlet [http-nio-8101-exec-3] Completed 201 CREATED
2024-02-06 11:56:51,544 [DEBUG] org.springframework.web.client.RestTemplate [DiscoveryClient-HeartbeatExecutor-0] HTTP PUT http://localhost:8781/eureka/apps/USERS-SERVICE/192.168.0.129:users-service:8101?status=UP&lastDirtyTimestamp=1707209571443
2024-02-06 11:56:51,544 [DEBUG] org.springframework.web.client.RestTemplate [DiscoveryClient-HeartbeatExecutor-0] Accept=[application/json, application/*+json]
2024-02-06 11:56:51,552 [DEBUG] org.springframework.web.client.RestTemplate [DiscoveryClient-HeartbeatExecutor-0] Response 200 OK
2024-02-06 11:56:51,564 [DEBUG] org.springframework.web.client.RestTemplate [DiscoveryClient-CacheRefreshExecutor-0] HTTP GET http://localhost:8781/eureka/apps/delta
2024-02-06 11:56:51,564 [DEBUG] org.springframework.web.client.RestTemplate [DiscoveryClient-CacheRefreshExecutor-0] Accept=[application/json, application/*+json]
2024-02-06 11:56:51,575 [DEBUG] org.springframework.web.client.RestTemplate [DiscoveryClient-CacheRefreshExecutor-0] Response 200 OK
2024-02-06 11:56:51,576 [DEBUG] org.springframework.web.client.RestTemplate [DiscoveryClient-CacheRefreshExecutor-0] Reading to [org.springframework.cloud.netflix.eureka.http.EurekaApplications]
2024-02-06 11:57:21,428 [DEBUG] org.springframework.web.servlet.DispatcherServlet [http-nio-8101-exec-4] GET "/api/users/search_user_name/username", parameters={}
2024-02-06 11:57:21,429 [DEBUG] org.springframework.web.servlet.mvc.method.annotation.RequestMappingHandlerMapping [http-nio-8101-exec-4] Mapped to com.userservice.controller.UserController#searchUserByUserName(String)
2024-02-06 11:57:21,436 [DEBUG] org.springframework.web.servlet.mvc.method.annotation.HttpEntityMethodProcessor [http-nio-8101-exec-4] Using 'application/json', given [*/*] and supported [application/json, application/*+json]
2024-02-06 11:57:21,436 [DEBUG] org.springframework.web.servlet.mvc.method.annotation.HttpEntityMethodProcessor [http-nio-8101-exec-4] Writing [UserEntity{idUser=29, firstName='User', lastName='Name', username='username', password='$2a$10$Tu450 (truncated)...]
2024-02-06 11:57:21,438 [DEBUG] org.springframework.web.servlet.DispatcherServlet [http-nio-8101-exec-4] Completed 200 OK
2024-02-06 11:57:21,553 [DEBUG] org.springframework.web.client.RestTemplate [DiscoveryClient-HeartbeatExecutor-0] HTTP PUT http://localhost:8781/eureka/apps/USERS-SERVICE/192.168.0.129:users-service:8101?status=UP&lastDirtyTimestamp=1707209571443
2024-02-06 11:57:21,553 [DEBUG] org.springframework.web.client.RestTemplate [DiscoveryClient-HeartbeatExecutor-0] Accept=[application/json, application/*+json]
2024-02-06 11:57:21,561 [DEBUG] org.springframework.web.client.RestTemplate [DiscoveryClient-HeartbeatExecutor-0] Response 200 OK
2024-02-06 11:57:21,579 [DEBUG] org.springframework.web.client.RestTemplate [DiscoveryClient-CacheRefreshExecutor-0] HTTP GET http://localhost:8781/eureka/apps/delta
2024-02-06 11:57:21,580 [DEBUG] org.springframework.web.client.RestTemplate [DiscoveryClient-CacheRefreshExecutor-0] Accept=[application/json, application/*+json]
2024-02-06 11:57:21,585 [DEBUG] org.springframework.web.client.RestTemplate [DiscoveryClient-CacheRefreshExecutor-0] Response 200 OK
2024-02-06 11:57:21,585 [DEBUG] org.springframework.web.client.RestTemplate [DiscoveryClient-CacheRefreshExecutor-0] Reading to [org.springframework.cloud.netflix.eureka.http.EurekaApplications]
2024-02-06 11:57:50,959 [INFO] com.netflix.discovery.shared.resolver.aws.ConfigClusterResolver [AsyncResolver-bootstrap-executor-0] Resolving eureka endpoints via configuration
2024-02-06 11:57:51,562 [DEBUG] org.springframework.web.client.RestTemplate [DiscoveryClient-HeartbeatExecutor-0] HTTP PUT http://localhost:8781/eureka/apps/USERS-SERVICE/192.168.0.129:users-service:8101?status=UP&lastDirtyTimestamp=1707209571443
2024-02-06 11:57:51,563 [DEBUG] org.springframework.web.client.RestTemplate [DiscoveryClient-HeartbeatExecutor-0] Accept=[application/json, application/*+json]
2024-02-06 11:57:51,568 [DEBUG] org.springframework.web.client.RestTemplate [DiscoveryClient-HeartbeatExecutor-0] Response 200 OK
2024-02-06 11:57:51,588 [DEBUG] org.springframework.web.client.RestTemplate [DiscoveryClient-CacheRefreshExecutor-0] HTTP GET http://localhost:8781/eureka/apps/delta
2024-02-06 11:57:51,588 [DEBUG] org.springframework.web.client.RestTemplate [DiscoveryClient-CacheRefreshExecutor-0] Accept=[application/json, application/*+json]
2024-02-06 11:57:51,592 [DEBUG] org.springframework.web.client.RestTemplate [DiscoveryClient-CacheRefreshExecutor-0] Response 200 OK
2024-02-06 11:57:51,593 [DEBUG] org.springframework.web.client.RestTemplate [DiscoveryClient-CacheRefreshExecutor-0] Reading to [org.springframework.cloud.netflix.eureka.http.EurekaApplications]
